10:39:30.117 INFO     Log: logs\td5_v3_20260321_103930.log
10:39:30.117 INFO     ============================================================
10:39:30.117 INFO     TD5 K-Line Test v3 | COM8 | raw=True
10:39:30.118 INFO     ============================================================
10:39:30.155 INFO     
--- Attempt 1/3 ---
10:39:30.155 INFO     Fast init (25ms break)...
10:39:30.230 DEBUG    DRAIN: 00
10:39:30.231 INFO     Init frame...
10:39:30.246 DEBUG    TX: 81 13 F7 81 0C
10:39:30.268 DEBUG    ECHO: 81 13 F7 81 0C
10:39:30.279 DEBUG    RX: 03 C1 57 8F AA
10:39:30.279 INFO       Init OK: 03 C1 57 8F AA
10:39:30.305 INFO     Start diag...
10:39:30.324 DEBUG    TX: 02 10 A0 B2
10:39:30.332 DEBUG    ECHO: 02 10 A0 B2
10:39:32.351 ERROR    No start-diag response
10:39:33.353 INFO     
--- Attempt 2/3 ---
10:39:33.353 INFO     Fast init (25ms break)...
10:39:33.427 DEBUG    DRAIN: 00
10:39:33.427 INFO     Init frame...
10:39:33.442 DEBUG    TX: 81 13 F7 81 0C
10:39:33.450 DEBUG    ECHO: 81 13 F7 81 0C
10:39:33.465 DEBUG    RX: 03 7F 81 10 13
10:39:33.466 INFO       Init OK: 03 7F 81 10 13
10:39:33.491 INFO     Start diag...
10:39:33.520 DEBUG    TX: 02 10 A0 B2
10:39:33.529 DEBUG    ECHO: 02 10 A0 B2
10:39:35.542 ERROR    No start-diag response
10:39:36.542 INFO     
--- Attempt 3/3 ---
10:39:36.543 INFO     Fast init (25ms break)...
10:39:36.616 DEBUG    DRAIN: 00
10:39:36.616 INFO     Init frame...
10:39:36.632 DEBUG    TX: 81 13 F7 81 0C
10:39:36.640 DEBUG    ECHO: 81 13 F7 81 0C
10:39:36.656 DEBUG    RX: 03 7F 81 10 13
10:39:36.656 INFO       Init OK: 03 7F 81 10 13
10:39:36.682 INFO     Start diag...
10:39:36.709 DEBUG    TX: 02 10 A0 B2
10:39:36.720 DEBUG    ECHO: 02 10 A0 B2
10:39:36.736 DEBUG    RX: 01 50 51
10:39:36.736 INFO       Response: 01 50 51
10:39:36.736 INFO       Diag session OK
10:39:36.761 INFO     Seed request...
10:39:36.788 DEBUG    TX: 02 27 01 2A
10:39:36.800 DEBUG    ECHO: 02 27 01 2A
10:39:36.815 DEBUG    RX: 04 67 01 E8 22 76
10:39:36.816 INFO       Seed: 0xE822  Key: 0x82F5
10:39:36.841 INFO     Send key...
10:39:36.865 DEBUG    TX: 04 27 02 82 F5 A4
10:39:36.879 DEBUG    ECHO: 04 27 02 82 F5 A4
10:39:36.895 DEBUG    RX: 02 67 02 6B
10:39:36.896 INFO       *** AUTHENTICATED ***
10:39:36.921 INFO     
============================================================
10:39:36.921 INFO       LIVE DATA  (Ctrl+C to stop)
10:39:36.921 INFO     ============================================================
10:39:36.942 DEBUG    TX: 02 21 00 23
10:39:36.959 DEBUG    ECHO: 02 21 00 23
10:39:36.970 DEBUG    RX: 03 7F 21 10 B3
10:39:36.970 WARNING    Parse fail: 03 7F 21 10 B3
10:39:37.037 DEBUG    TX: 02 21 00 23
10:39:37.055 DEBUG    ECHO: 02 21 00 23
10:39:37.071 DEBUG    RX: 03 7F 21 10 B3
10:39:37.071 WARNING    Parse fail: 03 7F 21 10 B3
10:39:37.131 DEBUG    TX: 02 21 00 23
10:39:37.151 DEBUG    ECHO: 02 21 00 23
10:39:37.163 DEBUG    RX: 03 7F 21 10 B3
10:39:37.164 WARNING    Parse fail: 03 7F 21 10 B3
10:39:37.225 DEBUG    TX: 02 21 00 23
10:39:37.231 DEBUG    ECHO: 02 21 00 23
10:39:37.247 DEBUG    RX: 03 7F 21 10 B3
10:39:37.247 WARNING    Parse fail: 03 7F 21 10 B3
10:39:37.304 DEBUG    TX: 02 21 00 23
10:39:37.311 DEBUG    ECHO: 02 21 00 23
10:39:37.327 DEBUG    RX: 03 7F 21 10 B3
10:39:37.327 WARNING    Parse fail: 03 7F 21 10 B3
10:39:37.384 DEBUG    TX: 02 21 00 23
10:39:37.391 DEBUG    ECHO: 02 21 00 23
10:39:37.407 DEBUG    RX: 03 7F 21 10 B3
10:39:37.407 WARNING    Parse fail: 03 7F 21 10 B3
10:39:37.478 DEBUG    TX: 02 21 00 23
10:39:37.487 DEBUG    ECHO: 02 21 00 23
10:39:37.503 DEBUG    RX: 03 7F 21 10 B3
10:39:37.503 WARNING    Parse fail: 03 7F 21 10 B3
10:39:37.570 DEBUG    TX: 02 21 00 23
10:39:37.583 DEBUG    ECHO: 02 21 00 23
10:39:37.593 DEBUG    RX: 03 7F 21 10 B3
10:39:37.593 WARNING    Parse fail: 03 7F 21 10 B3
10:39:37.648 DEBUG    TX: 02 21 00 23
10:39:37.663 DEBUG    ECHO: 02 21 00 23
10:39:37.673 DEBUG    RX: 03 7F 21 10 B3
10:39:37.673 WARNING    Parse fail: 03 7F 21 10 B3
10:39:37.741 DEBUG    TX: 02 21 00 23
10:39:37.759 DEBUG    ECHO: 02 21 00 23
10:39:37.769 DEBUG    RX: 03 7F 21 10 B3
10:39:37.769 WARNING    Parse fail: 03 7F 21 10 B3
10:39:37.788 DEBUG    TX: 02 3E 01 41
10:39:37.807 DEBUG    ECHO: 02 3E 01 41
10:39:38.390 DEBUG    TX: 02 21 00 23
10:39:38.398 DEBUG    ECHO: 02 21 00 23
10:39:38.414 DEBUG    RX: 03 7F 21 10 B3
10:39:38.415 WARNING    Parse fail: 03 7F 21 10 B3
10:39:38.484 DEBUG    TX: 02 21 00 23
10:39:38.494 DEBUG    ECHO: 02 21 00 23
10:39:38.510 DEBUG    RX: 03 7F 21 10 B3
10:39:38.510 WARNING    Parse fail: 03 7F 21 10 B3
10:39:38.577 DEBUG    TX: 02 21 00 23
10:39:38.590 DEBUG    ECHO: 02 21 00 23
10:39:38.606 DEBUG    RX: 03 7F 21 10 B3
10:39:38.606 WARNING    Parse fail: 03 7F 21 10 B3
10:39:38.670 DEBUG    TX: 02 21 00 23
10:39:38.686 DEBUG    ECHO: 02 21 00 23
10:39:39.767 DEBUG    TX: 02 21 00 23
10:39:39.773 DEBUG    ECHO: 02 21 00 23
10:39:39.789 DEBUG    RX: 03 7F 21 10 B3
10:39:39.789 WARNING    Parse fail: 03 7F 21 10 B3
10:39:39.847 DEBUG    TX: 02 21 00 23
10:39:39.853 DEBUG    ECHO: 02 21 00 23
10:39:39.869 DEBUG    RX: 03 7F 21 10 B3
10:39:39.870 WARNING    Parse fail: 03 7F 21 10 B3
10:39:39.943 DEBUG    TX: 02 21 00 23
10:39:39.949 DEBUG    ECHO: 02 21 00 23
10:39:39.965 DEBUG    RX: 03 7F 21 10 B3
10:39:39.965 WARNING    Parse fail: 03 7F 21 10 B3
10:39:40.022 DEBUG    TX: 02 21 00 23
10:39:40.029 DEBUG    ECHO: 02 21 00 23
10:39:40.045 DEBUG    RX: 03 7F 21 10 B3
10:39:40.045 WARNING    Parse fail: 03 7F 21 10 B3
10:39:40.101 DEBUG    TX: 02 21 00 23
10:39:40.109 DEBUG    ECHO: 02 21 00 23
10:39:40.125 DEBUG    RX: 03 7F 21 10 B3
10:39:40.125 WARNING    Parse fail: 03 7F 21 10 B3
10:39:40.182 DEBUG    TX: 02 21 00 23
10:39:40.189 DEBUG    ECHO: 02 21 00 23
10:39:40.205 DEBUG    RX: 03 7F 21 10 B3
10:39:40.205 WARNING    Parse fail: 03 7F 21 10 B3
10:39:40.229 DEBUG    TX: 02 3E 01 41
10:39:40.236 DEBUG    ECHO: 02 3E 01 41
10:39:40.253 DEBUG    RX: 01 7E 7F
10:39:40.308 DEBUG    TX: 02 21 00 23
10:39:40.317 DEBUG    ECHO: 02 21 00 23
10:39:40.332 DEBUG    RX: 03 7F 21 10 B3
10:39:40.333 WARNING    Parse fail: 03 7F 21 10 B3
10:39:40.388 DEBUG    TX: 02 21 00 23
10:39:40.397 DEBUG    ECHO: 02 21 00 23
10:39:40.412 DEBUG    RX: 03 7F 21 10 B3
10:39:40.413 WARNING    Parse fail: 03 7F 21 10 B3
10:39:40.481 DEBUG    TX: 02 21 00 23
10:39:40.492 DEBUG    ECHO: 02 21 00 23
10:39:40.509 DEBUG    RX: 03 7F 21 10 B3
10:39:40.509 WARNING    Parse fail: 03 7F 21 10 B3
10:39:40.575 DEBUG    TX: 02 21 00 23
10:39:40.588 DEBUG    ECHO: 02 21 00 23
10:39:40.604 DEBUG    RX: 03 7F 21 10 B3
10:39:40.605 WARNING    Parse fail: 03 7F 21 10 B3
10:39:40.668 DEBUG    TX: 02 21 00 23
10:39:40.684 DEBUG    ECHO: 02 21 00 23
10:39:40.695 DEBUG    RX: 03 7F 21 10 B3
10:39:40.695 WARNING    Parse fail: 03 7F 21 10 B3
10:39:40.763 DEBUG    TX: 02 21 00 23
10:39:40.780 DEBUG    ECHO: 02 21 00 23
10:39:40.796 DEBUG    RX: 03 7F 21 10 B3
10:39:40.796 WARNING    Parse fail: 03 7F 21 10 B3
10:39:40.857 DEBUG    TX: 02 21 00 23
10:39:40.876 DEBUG    ECHO: 02 21 00 23
10:39:40.887 DEBUG    RX: 03 7F 21 10 B3
10:39:40.887 WARNING    Parse fail: 03 7F 21 10 B3
10:39:40.952 DEBUG    TX: 02 21 00 23
10:39:40.972 DEBUG    ECHO: 02 21 00 23
10:39:40.982 DEBUG    RX: 03 7F 21 10 B3
10:39:40.982 WARNING    Parse fail: 03 7F 21 10 B3
10:39:41.047 DEBUG    TX: 02 21 00 23
10:39:41.053 DEBUG    ECHO: 02 21 00 23
10:39:41.068 DEBUG    RX: 03 7F 21 10 B3
10:39:41.068 WARNING    Parse fail: 03 7F 21 10 B3
10:39:41.126 DEBUG    TX: 02 21 00 23
10:39:41.132 DEBUG    ECHO: 02 21 00 23
10:39:41.148 DEBUG    RX: 03 7F 21 10 B3
10:39:41.148 WARNING    Parse fail: 03 7F 21 10 B3
10:39:41.172 DEBUG    TX: 02 3E 01 41
10:39:41.180 DEBUG    ECHO: 02 3E 01 41
10:39:41.196 DEBUG    RX: 01 7E 7F
10:39:41.266 DEBUG    TX: 02 21 00 23
10:39:41.276 DEBUG    ECHO: 02 21 00 23
10:39:41.292 DEBUG    RX: 03 7F 21 10 B3
10:39:41.292 WARNING    Parse fail: 03 7F 21 10 B3
10:39:41.359 DEBUG    TX: 02 21 00 23
10:39:41.372 DEBUG    ECHO: 02 21 00 23
10:39:41.388 DEBUG    RX: 03 7F 21 10 B3
10:39:41.388 WARNING    Parse fail: 03 7F 21 10 B3
10:39:41.452 DEBUG    TX: 02 21 00 23
10:39:41.468 DEBUG    ECHO: 02 21 00 23
10:39:41.484 DEBUG    RX: 03 7F 21 10 B3
10:39:41.484 WARNING    Parse fail: 03 7F 21 10 B3
10:39:41.546 DEBUG    TX: 02 21 00 23
10:39:41.564 DEBUG    ECHO: 02 21 00 23
10:39:41.574 DEBUG    RX: 03 7F 21 10 B3
10:39:41.574 WARNING    Parse fail: 03 7F 21 10 B3
10:39:41.641 DEBUG    TX: 02 21 00 23
10:39:41.659 DEBUG    ECHO: 02 21 00 23
10:39:41.670 DEBUG    RX: 03 7F 21 10 B3
10:39:41.670 WARNING    Parse fail: 03 7F 21 10 B3
10:39:41.737 DEBUG    TX: 02 21 00 23
10:39:41.755 DEBUG    ECHO: 02 21 00 23
10:39:41.766 DEBUG    RX: 03 7F 21 10 B3
10:39:41.767 WARNING    Parse fail: 03 7F 21 10 B3
10:39:41.831 DEBUG    TX: 02 21 00 23
10:39:41.851 DEBUG    ECHO: 02 21 00 23
10:39:42.937 DEBUG    TX: 02 21 00 23
10:39:42.955 DEBUG    ECHO: 02 21 00 23
10:39:42.966 DEBUG    RX: 03 7F 21 10 B3
10:39:42.966 WARNING    Parse fail: 03 7F 21 10 B3
10:39:43.030 DEBUG    TX: 02 21 00 23
10:39:43.050 DEBUG    ECHO: 02 21 00 23
10:39:43.061 DEBUG    RX: 03 7F 21 10 B3
10:39:43.062 WARNING    Parse fail: 03 7F 21 10 B3
10:39:43.122 DEBUG    TX: 02 21 00 23
10:39:43.130 DEBUG    ECHO: 02 21 00 23
10:39:43.146 DEBUG    RX: 03 7F 21 10 B3
10:39:43.147 WARNING    Parse fail: 03 7F 21 10 B3
10:39:43.170 DEBUG    TX: 02 3E 01 41
10:39:43.178 DEBUG    ECHO: 02 3E 01 41
10:39:43.194 DEBUG    RX: 01 7E 7F
10:39:43.263 DEBUG    TX: 02 21 00 23
10:39:43.274 DEBUG    ECHO: 02 21 00 23
10:39:43.290 DEBUG    RX: 03 7F 21 10 B3
10:39:43.291 WARNING    Parse fail: 03 7F 21 10 B3
10:39:43.357 DEBUG    TX: 02 21 00 23
10:39:43.370 DEBUG    ECHO: 02 21 00 23
10:39:43.386 DEBUG    RX: 03 7F 21 10 B3
10:39:43.387 WARNING    Parse fail: 03 7F 21 10 B3
10:39:43.450 DEBUG    TX: 02 21 00 23
10:39:43.466 DEBUG    ECHO: 02 21 00 23
10:39:44.540 DEBUG    TX: 02 21 00 23
10:39:44.553 DEBUG    ECHO: 02 21 00 23
10:39:44.564 DEBUG    RX: 03 7F 21 10 B3
10:39:44.564 WARNING    Parse fail: 03 7F 21 10 B3
10:39:44.633 DEBUG    TX: 02 21 00 23
10:39:44.651 DEBUG    ECHO: 02 21 00 23
10:39:44.667 DEBUG    RX: 03 7F 21 10 B3
10:39:44.668 WARNING    Parse fail: 03 7F 21 10 B3
10:39:44.726 DEBUG    TX: 02 21 00 23
10:39:44.732 DEBUG    ECHO: 02 21 00 23
10:39:44.747 DEBUG    RX: 03 7F 21 10 B3
10:39:44.748 WARNING    Parse fail: 03 7F 21 10 B3
10:39:44.817 DEBUG    TX: 02 21 00 23
10:39:44.835 DEBUG    ECHO: 02 21 00 23
10:39:44.846 DEBUG    RX: 03 7F 21 10 B3
10:39:44.846 WARNING    Parse fail: 03 7F 21 10 B3
10:39:44.911 DEBUG    TX: 02 21 00 23
10:39:44.931 DEBUG    ECHO: 02 21 00 23
10:39:44.942 DEBUG    RX: 03 7F 21 10 B3
10:39:44.942 WARNING    Parse fail: 03 7F 21 10 B3
10:39:45.004 DEBUG    TX: 02 21 00 23
10:39:45.011 DEBUG    ECHO: 02 21 00 23
10:39:45.027 DEBUG    RX: 03 7F 21 10 B3
10:39:45.027 WARNING    Parse fail: 03 7F 21 10 B3
10:39:45.097 DEBUG    TX: 02 21 00 23
10:39:45.107 DEBUG    ECHO: 02 21 00 23
10:39:45.123 DEBUG    RX: 03 7F 21 10 B3
10:39:45.123 WARNING    Parse fail: 03 7F 21 10 B3
10:39:45.144 DEBUG    TX: 02 3E 01 41
10:39:45.155 DEBUG    ECHO: 02 3E 01 41
10:39:45.171 DEBUG    RX: 01 7E 7F
10:39:45.236 DEBUG    TX: 02 21 00 23
10:39:45.251 DEBUG    ECHO: 02 21 00 23
10:39:45.261 DEBUG    RX: 03 7F 21 10 B3
10:39:45.261 WARNING    Parse fail: 03 7F 21 10 B3
10:39:45.328 DEBUG    TX: 02 21 00 23
10:39:45.347 DEBUG    ECHO: 02 21 00 23
10:39:45.362 DEBUG    RX: 03 7F 21 10 B3
10:39:45.363 WARNING    Parse fail: 03 7F 21 10 B3
10:39:45.435 DEBUG    TX: 02 21 00 23
10:39:45.442 DEBUG    ECHO: 02 21 00 23
10:39:45.459 DEBUG    RX: 03 7F 21 10 B3
10:39:45.459 WARNING    Parse fail: 03 7F 21 10 B3
10:39:45.528 DEBUG    TX: 02 21 00 23
10:39:45.538 DEBUG    ECHO: 02 21 00 23
10:39:46.614 DEBUG    TX: 02 21 00 23
10:39:46.625 DEBUG    ECHO: 02 21 00 23
10:39:46.641 DEBUG    RX: 03 7F 21 10 B3
10:39:46.642 WARNING    Parse fail: 03 7F 21 10 B3
10:39:46.707 DEBUG    TX: 02 21 00 23
10:39:46.721 DEBUG    ECHO: 02 21 00 23
10:39:46.732 DEBUG    RX: 03 7F 21 10 B3
10:39:46.732 WARNING    Parse fail: 03 7F 21 10 B3
10:39:46.800 DEBUG    TX: 02 21 00 23
10:39:46.817 DEBUG    ECHO: 02 21 00 23
10:39:46.828 DEBUG    RX: 03 7F 21 10 B3
10:39:46.829 WARNING    Parse fail: 03 7F 21 10 B3
10:39:46.893 DEBUG    TX: 02 21 00 23
10:39:46.913 DEBUG    ECHO: 02 21 00 23
10:39:47.998 DEBUG    TX: 02 21 00 23
10:39:48.017 DEBUG    ECHO: 02 21 00 23
10:39:48.028 DEBUG    RX: 03 7F 21 10 B3
10:39:48.028 WARNING    Parse fail: 03 7F 21 10 B3
10:39:48.091 DEBUG    TX: 02 21 00 23
10:39:48.097 DEBUG    ECHO: 02 21 00 23
10:39:48.112 DEBUG    RX: 03 7F 21 10 B3
10:39:48.113 WARNING    Parse fail: 03 7F 21 10 B3
10:39:48.139 DEBUG    TX: 02 3E 01 41
10:39:48.156 DEBUG    ECHO: 02 3E 01 41
10:39:48.167 DEBUG    RX: 01 7E 7F
10:39:48.231 DEBUG    TX: 02 21 00 23
10:39:48.249 DEBUG    ECHO: 02 21 00 23
10:39:48.260 DEBUG    RX: 03 7F 21 10 B3
10:39:48.260 WARNING    Parse fail: 03 7F 21 10 B3
10:39:48.325 DEBUG    TX: 02 21 00 23
10:39:48.345 DEBUG    ECHO: 02 21 00 23
10:39:48.356 DEBUG    RX: 03 7F 21 10 B3
10:39:48.356 WARNING    Parse fail: 03 7F 21 10 B3
10:39:48.418 DEBUG    TX: 02 21 00 23
10:39:48.425 DEBUG    ECHO: 02 21 00 23
10:39:48.441 DEBUG    RX: 03 7F 21 10 B3
10:39:48.441 WARNING    Parse fail: 03 7F 21 10 B3
10:39:48.511 DEBUG    TX: 02 21 00 23
10:39:48.521 DEBUG    ECHO: 02 21 00 23
10:39:48.537 DEBUG    RX: 03 7F 21 10 B3
10:39:48.538 WARNING    Parse fail: 03 7F 21 10 B3
10:39:48.604 DEBUG    TX: 02 21 00 23
10:39:48.617 DEBUG    ECHO: 02 21 00 23
10:39:48.633 DEBUG    RX: 03 7F 21 10 B3
10:39:48.633 WARNING    Parse fail: 03 7F 21 10 B3
10:39:48.699 DEBUG    TX: 02 21 00 23
10:39:48.713 DEBUG    ECHO: 02 21 00 23
10:39:48.729 DEBUG    RX: 03 7F 21 10 B3
10:39:48.729 WARNING    Parse fail: 03 7F 21 10 B3
10:39:48.793 DEBUG    TX: 02 21 00 23
10:39:48.809 DEBUG    ECHO: 02 21 00 23
10:39:48.825 DEBUG    RX: 03 7F 21 10 B3
10:39:48.825 WARNING    Parse fail: 03 7F 21 10 B3
10:39:48.886 DEBUG    TX: 02 21 00 23
10:39:48.905 DEBUG    ECHO: 02 21 00 23
10:39:48.915 DEBUG    RX: 03 7F 21 10 B3
10:39:48.915 WARNING    Parse fail: 03 7F 21 10 B3
10:39:48.978 DEBUG    TX: 02 21 00 23
10:39:48.984 DEBUG    ECHO: 02 21 00 23
10:39:49.001 DEBUG    RX: 03 7F 21 10 B3
10:39:49.001 WARNING    Parse fail: 03 7F 21 10 B3
10:39:49.071 DEBUG    TX: 02 21 00 23
10:39:49.080 DEBUG    ECHO: 02 21 00 23
10:39:49.096 DEBUG    RX: 03 7F 21 10 B3
10:39:49.097 WARNING    Parse fail: 03 7F 21 10 B3
10:39:49.117 DEBUG    TX: 02 3E 01 41
10:39:49.128 DEBUG    ECHO: 02 3E 01 41
10:39:49.144 DEBUG    RX: 01 7E 7F
10:39:49.209 DEBUG    TX: 02 21 00 23
10:39:49.224 DEBUG    ECHO: 02 21 00 23
10:39:49.236 DEBUG    RX: 03 7F 21 10 B3
10:39:49.236 WARNING    Parse fail: 03 7F 21 10 B3
10:39:49.302 DEBUG    TX: 02 21 00 23
10:39:49.320 DEBUG    ECHO: 02 21 00 23
10:39:49.331 DEBUG    RX: 03 7F 21 10 B3
10:39:49.331 WARNING    Parse fail: 03 7F 21 10 B3
10:39:49.394 DEBUG    TX: 02 21 00 23
10:39:49.412 DEBUG    ECHO: 02 42 00 23
10:39:50.490 DEBUG    TX: 02 21 00 23
10:39:50.499 DEBUG    ECHO: 02 21 00 23
10:39:50.515 DEBUG    RX: 03 7F 21 10 B3
10:39:50.516 WARNING    Parse fail: 03 7F 21 10 B3
10:39:50.582 DEBUG    TX: 02 21 00 23
10:39:50.595 DEBUG    ECHO: 02 21 00 23
10:39:50.606 DEBUG    RX: 03 7F 21 10 B3
10:39:50.606 WARNING    Parse fail: 03 7F 21 10 B3
10:39:50.676 DEBUG    TX: 02 21 00 23
10:39:50.691 DEBUG    ECHO: 02 21 00 23
10:39:50.707 DEBUG    RX: 03 7F 21 10 B3
10:39:50.708 WARNING    Parse fail: 03 7F 21 10 B3
10:39:50.769 DEBUG    TX: 02 21 00 23
10:39:50.787 DEBUG    ECHO: 02 21 00 23
10:39:50.798 DEBUG    RX: 03 7F 21 10 B3
10:39:50.798 WARNING    Parse fail: 03 7F 21 10 B3
10:39:50.862 DEBUG    TX: 02 21 00 23
10:39:50.883 DEBUG    ECHO: 02 21 00 23
10:39:51.961 DEBUG    TX: 02 21 00 23
10:39:51.970 DEBUG    ECHO: 02 21 00 23
10:39:51.986 DEBUG    RX: 03 7F 21 10 B3
10:39:51.986 WARNING    Parse fail: 03 7F 21 10 B3
10:39:52.054 DEBUG    TX: 02 21 00 23
10:39:52.066 DEBUG    ECHO: 02 21 00 23
10:39:52.082 DEBUG    RX: 03 7F 21 10 B3
10:39:52.082 WARNING    Parse fail: 03 7F 21 10 B3
10:39:52.101 DEBUG    TX: 02 3E 01 41
10:39:52.114 DEBUG    ECHO: 02 3E 01 41
10:39:52.693 DEBUG    TX: 02 21 00 23
10:39:52.705 DEBUG    ECHO: 02 21 00 23
10:39:52.722 DEBUG    RX: 03 7F 21 10 B3
10:39:52.722 WARNING    Parse fail: 03 7F 21 10 B3
10:39:52.788 DEBUG    TX: 02 21 00 23
10:39:52.801 DEBUG    ECHO: 02 21 00 23
10:39:52.817 DEBUG    RX: 03 7F 21 10 B3
10:39:52.818 WARNING    Parse fail: 03 7F 21 10 B3
10:39:52.882 DEBUG    TX: 02 21 00 23
10:39:52.897 DEBUG    ECHO: 02 21 00 23
10:39:52.908 DEBUG    RX: 03 7F 21 10 B3
10:39:52.908 WARNING    Parse fail: 03 7F 21 10 B3
10:39:52.976 DEBUG    TX: 02 21 00 23
10:39:52.993 DEBUG    ECHO: 02 21 00 23
10:39:53.009 DEBUG    RX: 03 7F 21 10 B3
10:39:53.010 WARNING    Parse fail: 03 7F 21 10 B3
10:39:53.069 DEBUG    TX: 02 21 00 23
10:39:53.087 DEBUG    ECHO: 02 21 00 23
10:39:53.098 DEBUG    RX: 03 7F 21 10 B3
10:39:53.099 WARNING    Parse fail: 03 7F 21 10 B3
10:39:53.163 DEBUG    TX: 02 21 00 23
10:39:53.183 DEBUG    ECHO: 02 21 00 23
10:39:53.194 DEBUG    RX: 03 7F 21 10 B3
10:39:53.195 WARNING    Parse fail: 03 7F 21 10 B3
10:39:53.256 DEBUG    TX: 02 21 00 23
10:39:53.263 DEBUG    ECHO: 02 21 00 23
10:39:53.279 DEBUG    RX: 03 7F 21 10 B3
10:39:53.279 WARNING    Parse fail: 03 7F 21 10 B3
10:39:53.350 DEBUG    TX: 02 21 00 23
10:39:53.359 DEBUG    ECHO: 02 21 00 23
10:39:53.375 DEBUG    RX: 03 7F 21 10 B3
10:39:53.375 WARNING    Parse fail: 03 7F 21 10 B3
10:39:53.445 DEBUG    TX: 02 21 00 23
10:39:53.455 DEBUG    ECHO: 02 21 00 23
10:39:53.471 DEBUG    RX: 03 7F 21 10 B3
10:39:53.471 WARNING    Parse fail: 03 7F 21 10 B3
10:39:53.538 DEBUG    TX: 02 21 00 23
10:39:53.551 DEBUG    ECHO: 02 21 00 23
10:39:53.562 DEBUG    RX: 03 7F 21 10 B3
10:39:53.562 WARNING    Parse fail: 03 7F 21 10 B3
10:39:53.584 DEBUG    TX: 02 3E 01 41
10:39:53.599 DEBUG    ECHO: 02 3E 01 41
10:39:53.615 DEBUG    RX: 01 7E 7F
10:39:53.676 DEBUG    TX: 02 21 00 23
10:39:53.695 DEBUG    ECHO: 02 21 00 23
10:39:53.706 DEBUG    RX: 03 7F 21 10 B3
10:39:53.706 WARNING    Parse fail: 03 7F 21 10 B3
10:39:53.769 DEBUG    TX: 02 21 00 23
10:39:53.775 DEBUG    ECHO: 02 21 00 23
10:39:53.791 DEBUG    RX: 03 7F 21 10 B3
10:39:53.791 WARNING    Parse fail: 03 7F 21 10 B3
10:39:53.861 DEBUG    TX: 02 21 00 23
10:39:53.870 DEBUG    ECHO: 02 21 00 23
10:39:53.886 DEBUG    RX: 03 7F 21 10 B3
10:39:53.887 WARNING    Parse fail: 03 7F 21 10 B3
10:39:53.954 DEBUG    TX: 02 21 00 23
10:39:53.966 DEBUG    ECHO: 02 21 00 23
10:39:53.977 DEBUG    RX: 03 7F 21 10 B3
10:39:53.977 WARNING    Parse fail: 03 7F 21 10 B3
10:39:54.048 DEBUG    TX: 02 21 00 23
10:39:54.066 DEBUG    ECHO: 02 21 00 23
10:39:54.082 DEBUG    RX: 03 7F 21 10 B3
10:39:54.083 WARNING    Parse fail: 03 7F 21 10 B3
10:39:54.142 DEBUG    TX: 02 21 00 23
10:39:54.162 DEBUG    ECHO: 02 21 00 23
10:39:55.247 DEBUG    TX: 02 21 00 23
10:39:55.265 DEBUG    ECHO: 02 21 00 23
10:39:55.276 DEBUG    RX: 03 7F 21 10 B3
10:39:55.277 WARNING    Parse fail: 03 7F 21 10 B3
10:39:55.339 DEBUG    TX: 02 21 00 23
10:39:55.345 DEBUG    ECHO: 02 21 00 23
10:39:55.361 DEBUG    RX: 03 7F 21 10 B3
10:39:55.362 WARNING    Parse fail: 03 7F 21 10 B3
10:39:55.431 DEBUG    TX: 02 21 00 23
10:39:55.441 DEBUG    ECHO: 02 21 00 23
10:39:55.457 DEBUG    RX: 03 7F 21 10 B3
10:39:55.458 WARNING    Parse fail: 03 7F 21 10 B3
10:39:55.524 DEBUG    TX: 02 21 00 23
10:39:55.537 DEBUG    ECHO: 02 21 00 23
10:39:56.580 DEBUG    TX: 02 3E 01 41
10:39:56.592 DEBUG    ECHO: 02 3E 01 41
10:39:56.603 DEBUG    RX: 01 7E 7F
10:39:56.661 DEBUG    TX: 02 21 00 23
10:39:56.672 DEBUG    ECHO: 02 21 00 23
10:39:56.688 DEBUG    RX: 03 7F 21 10 B3
10:39:56.688 WARNING    Parse fail: 03 7F 21 10 B3
10:39:56.753 DEBUG    TX: 02 21 00 23
10:39:56.768 DEBUG    ECHO: 02 21 00 23
10:39:56.779 DEBUG    RX: 03 7F 21 10 B3
10:39:56.779 WARNING    Parse fail: 03 7F 21 10 B3
10:39:56.847 DEBUG    TX: 02 21 00 23
10:39:56.864 DEBUG    ECHO: 02 21 00 23
10:39:57.949 DEBUG    TX: 02 21 00 23
10:39:57.967 DEBUG    ECHO: 02 21 00 23
10:39:57.978 DEBUG    RX: 03 7F 21 10 B3
10:39:57.978 WARNING    Parse fail: 03 7F 21 10 B3
10:39:58.041 DEBUG    TX: 02 21 00 23
10:39:58.047 DEBUG    ECHO: 02 21 00 23
10:39:58.063 DEBUG    RX: 03 7F 21 10 B3
10:39:58.063 WARNING    Parse fail: 03 7F 21 10 B3
10:39:58.120 DEBUG    TX: 02 21 00 23
10:39:58.127 DEBUG    ECHO: 02 21 00 23
10:39:58.143 DEBUG    RX: 03 7F 21 10 B3
10:39:58.143 WARNING    Parse fail: 03 7F 21 10 B3
10:39:58.214 DEBUG    TX: 02 21 00 23
10:39:58.232 DEBUG    ECHO: 02 21 00 23
10:39:58.243 DEBUG    RX: 03 7F 21 10 B3
10:39:58.244 WARNING    Parse fail: 03 7F 21 10 B3
10:39:58.308 DEBUG    TX: 02 21 00 23
10:39:58.328 DEBUG    ECHO: 02 21 00 23
10:39:59.410 DEBUG    TX: 02 21 00 23
10:39:59.431 DEBUG    ECHO: 02 21 00 23
10:39:59.442 DEBUG    RX: 03 7F 21 10 B3
10:39:59.442 WARNING    Parse fail: 03 7F 21 10 B3
10:39:59.503 DEBUG    TX: 02 21 00 23
10:39:59.511 DEBUG    ECHO: 02 21 00 23
10:39:59.527 DEBUG    RX: 03 7F 21 10 B3
10:39:59.527 WARNING    Parse fail: 03 7F 21 10 B3
10:39:59.551 DEBUG    TX: 02 3E 01 41
10:39:59.559 DEBUG    ECHO: 02 3E 01 41
10:39:59.575 DEBUG    RX: 01 7E 7F
10:39:59.642 DEBUG    TX: 02 21 00 23
10:39:59.654 DEBUG    ECHO: 02 21 00 23
10:39:59.671 DEBUG    RX: 03 7F 21 10 B3
10:39:59.671 WARNING    Parse fail: 03 7F 21 10 B3
10:39:59.735 DEBUG    TX: 02 21 00 23
10:39:59.751 DEBUG    ECHO: 02 21 00 23
10:40:00.827 DEBUG    TX: 02 21 00 23
10:40:00.837 DEBUG    ECHO: 02 21 00 23
10:40:00.854 DEBUG    RX: 03 7F 21 10 B3
10:40:00.854 WARNING    Parse fail: 03 7F 21 10 B3
10:40:00.921 DEBUG    TX: 02 21 00 23
10:40:00.933 DEBUG    ECHO: 02 21 00 23
10:40:00.949 DEBUG    RX: 03 7F 21 10 B3
10:40:00.950 WARNING    Parse fail: 03 7F 21 10 B3
10:40:01.015 DEBUG    TX: 02 21 00 23
10:40:01.029 DEBUG    ECHO: 02 21 00 23
10:40:01.041 DEBUG    RX: 03 7F 21 10 B3
10:40:01.041 WARNING    Parse fail: 03 7F 21 10 B3
10:40:01.107 DEBUG    TX: 02 21 00 23
10:40:01.126 DEBUG    ECHO: 02 21 00 23
10:40:01.136 DEBUG    RX: 03 7F 21 10 B3
10:40:01.136 WARNING    Parse fail: 03 7F 21 10 B3
10:40:01.198 DEBUG    TX: 02 21 00 23
10:40:01.205 DEBUG    ECHO: 02 21 00 23
10:40:01.221 DEBUG    RX: 03 7F 21 10 B3
10:40:01.222 WARNING    Parse fail: 03 7F 21 10 B3
10:40:01.289 DEBUG    TX: 02 21 00 23
10:40:01.301 DEBUG    ECHO: 02 21 00 23
10:40:01.317 DEBUG    RX: 03 7F 21 10 B3
10:40:01.318 WARNING    Parse fail: 03 7F 21 10 B3
10:40:01.380 DEBUG    TX: 02 21 00 23
10:40:01.397 DEBUG    ECHO: 02 21 00 23
10:40:01.408 DEBUG    RX: 03 7F 21 10 B3
10:40:01.409 WARNING    Parse fail: 03 7F 21 10 B3
10:40:01.472 DEBUG    TX: 02 21 00 23
10:40:01.493 DEBUG    ECHO: 02 21 00 23
10:40:01.509 DEBUG    RX: 03 7F 21 10 B3
10:40:01.509 WARNING    Parse fail: 03 7F 21 10 B3
10:40:01.534 DEBUG    TX: 02 3E 01 41
10:40:01.541 DEBUG    ECHO: 02 3E 01 41
10:40:01.557 DEBUG    RX: 01 7E 7F
10:40:01.625 DEBUG    TX: 02 21 00 23
10:40:01.637 DEBUG    ECHO: 02 21 00 23
10:40:01.653 DEBUG    RX: 03 7F 21 10 B3
10:40:01.653 WARNING    Parse fail: 03 7F 21 10 B3
10:40:01.718 DEBUG    TX: 02 21 00 23
10:40:01.733 DEBUG    ECHO: 02 21 00 23
10:40:01.749 DEBUG    RX: 03 7F 21 10 B3
10:40:01.749 WARNING    Parse fail: 03 7F 21 10 B3
10:40:01.808 DEBUG    TX: 02 21 00 23
10:40:01.829 DEBUG    ECHO: 02 21 00 23
10:40:02.907 DEBUG    TX: 02 21 00 23
10:40:02.916 DEBUG    ECHO: 02 21 00 23
10:40:02.932 DEBUG    RX: 03 7F 21 10 B3
10:40:02.932 WARNING    Parse fail: 03 7F 21 10 B3
10:40:03.002 DEBUG    TX: 02 21 00 23
10:40:03.012 DEBUG    ECHO: 02 21 00 23
10:40:03.028 DEBUG    RX: 03 7F 21 10 B3
10:40:03.028 WARNING    Parse fail: 03 7F 21 10 B3
10:40:03.093 DEBUG    TX: 02 21 00 23
10:40:03.108 DEBUG    ECHO: 02 21 00 23
10:40:03.119 DEBUG    RX: 03 7F 21 10 B3
10:40:03.119 WARNING    Parse fail: 03 7F 21 10 B3
10:40:03.184 DEBUG    TX: 02 21 00 23
10:40:03.204 DEBUG    ECHO: 02 21 00 23
10:40:03.215 DEBUG    RX: 03 7F 21 10 B3
10:40:03.215 WARNING    Parse fail: 03 7F 21 10 B3
10:40:03.277 DEBUG    TX: 02 21 00 23
10:40:03.284 DEBUG    ECHO: 02 21 00 23
10:40:03.300 DEBUG    RX: 03 7F 21 10 B3
10:40:03.301 WARNING    Parse fail: 03 7F 21 10 B3
10:40:03.371 DEBUG    TX: 02 21 00 23
10:40:03.379 DEBUG    ECHO: 02 21 00 23
10:40:03.395 DEBUG    RX: 03 7F 21 10 B3
10:40:03.396 WARNING    Parse fail: 03 7F 21 10 B3
10:40:03.464 DEBUG    TX: 02 21 00 23
10:40:03.475 DEBUG    ECHO: 02 21 00 23
10:40:03.491 DEBUG    RX: 03 7F 21 10 B3
10:40:03.492 WARNING    Parse fail: 03 7F 21 10 B3
10:40:03.512 DEBUG    TX: 02 3E 01 41
10:40:03.523 DEBUG    ECHO: 02 3E 01 41
10:40:03.539 DEBUG    RX: 01 7E 7F
10:40:03.606 DEBUG    TX: 02 21 00 23
10:40:03.619 DEBUG    ECHO: 02 21 00 23
10:40:03.635 DEBUG    RX: 03 7F 21 10 B3
10:40:03.636 WARNING    Parse fail: 03 7F 21 10 B3
10:40:03.699 DEBUG    TX: 02 21 00 23
10:40:03.715 DEBUG    ECHO: 02 21 00 23
10:40:03.726 DEBUG    RX: 03 7F 21 10 B3
10:40:03.726 WARNING    Parse fail: 03 7F 21 10 B3
10:40:03.794 DEBUG    TX: 02 21 00 23
10:40:03.811 DEBUG    ECHO: 02 21 00 23
10:40:03.827 DEBUG    RX: 03 7F 21 10 B3
10:40:03.828 WARNING    Parse fail: 03 7F 21 10 B3
10:40:03.886 DEBUG    TX: 02 21 00 23
10:40:03.905 DEBUG    ECHO: 02 42 00 23
10:40:04.988 DEBUG    TX: 02 21 00 23
10:40:05.008 DEBUG    ECHO: 02 21 00 23
10:40:05.019 DEBUG    RX: 03 7F 21 10 B3
10:40:05.019 WARNING    Parse fail: 03 7F 21 10 B3
10:40:05.082 DEBUG    TX: 02 21 00 23
10:40:05.088 DEBUG    ECHO: 02 21 00 23
10:40:05.104 DEBUG    RX: 03 7F 21 10 B3
10:40:05.104 WARNING    Parse fail: 03 7F 21 10 B3
10:40:05.161 DEBUG    TX: 02 21 00 23
10:40:05.168 DEBUG    ECHO: 02 21 00 23
10:40:05.184 DEBUG    RX: 03 7F 21 10 B3
10:40:05.185 WARNING    Parse fail: 03 7F 21 10 B3
10:40:05.254 DEBUG    TX: 02 21 00 23
10:40:05.264 DEBUG    ECHO: 02 21 00 23
10:40:06.344 DEBUG    TX: 02 21 00 23
10:40:06.351 DEBUG    ECHO: 02 21 00 23
10:40:06.367 DEBUG    RX: 03 7F 21 10 B3
10:40:06.367 WARNING    Parse fail: 03 7F 21 10 B3
10:40:06.437 DEBUG    TX: 02 21 00 23
10:40:06.447 DEBUG    ECHO: 02 21 00 23
10:40:06.463 DEBUG    RX: 03 7F 21 10 B3
10:40:06.463 WARNING    Parse fail: 03 7F 21 10 B3
10:40:06.484 DEBUG    TX: 02 3E 01 41
10:40:06.495 DEBUG    ECHO: 02 3E 01 41
10:40:06.511 DEBUG    RX: 01 7E 7F
10:40:06.577 DEBUG    TX: 02 21 00 23
10:40:06.591 DEBUG    ECHO: 02 21 00 23
10:40:06.607 DEBUG    RX: 03 7F 21 10 B3
10:40:06.607 WARNING    Parse fail: 03 7F 21 10 B3
10:40:06.670 DEBUG    TX: 02 21 00 23
10:40:06.687 DEBUG    ECHO: 02 21 00 23
10:40:06.698 DEBUG    RX: 03 7F 21 10 B3
10:40:06.698 WARNING    Parse fail: 03 7F 21 10 B3
10:40:06.763 DEBUG    TX: 02 21 00 23
10:40:06.781 DEBUG    ECHO: 06 21 00 23
10:40:06.792 DEBUG    RX: 03 7F 21 10 B3
10:40:06.792 WARNING    Parse fail: 03 7F 21 10 B3
10:40:06.859 DEBUG    TX: 02 21 00 23
10:40:06.877 DEBUG    ECHO: 02 21 00 23
10:40:06.893 DEBUG    RX: 03 7F 21 10 B3
10:40:06.893 WARNING    Parse fail: 03 7F 21 10 B3
10:40:06.952 DEBUG    TX: 02 21 00 23
10:40:06.972 DEBUG    ECHO: 02 21 00 23
10:40:08.051 DEBUG    TX: 02 21 00 23
10:40:08.059 DEBUG    ECHO: 02 21 00 23
10:40:09.140 DEBUG    TX: 02 21 00 23
10:40:09.147 DEBUG    ECHO: 02 21 00 23
10:40:09.163 DEBUG    RX: 03 7F 21 10 B3
10:40:09.163 WARNING    Parse fail: 03 7F 21 10 B3
10:40:09.233 DEBUG    TX: 02 21 00 23
10:40:09.243 DEBUG    ECHO: 02 21 00 23
10:40:09.259 DEBUG    RX: 03 7F 21 10 B3
10:40:09.259 WARNING    Parse fail: 03 7F 21 10 B3
10:40:09.327 DEBUG    TX: 02 21 00 23
10:40:09.339 DEBUG    ECHO: 02 21 00 23
10:40:09.355 DEBUG    RX: 03 7F 21 10 B3
10:40:09.355 WARNING    Parse fail: 03 7F 21 10 B3
10:40:09.421 DEBUG    TX: 02 21 00 23
10:40:09.434 DEBUG    ECHO: 02 21 00 23
10:40:09.450 DEBUG    RX: 03 7F 21 10 B3
10:40:09.451 WARNING    Parse fail: 03 7F 21 10 B3
10:40:09.468 DEBUG    TX: 02 3E 01 41
10:40:09.482 DEBUG    ECHO: 02 3E 01 41
10:40:09.498 DEBUG    RX: 01 7E 7F
10:40:09.562 DEBUG    TX: 02 21 00 23
10:40:09.578 DEBUG    ECHO: 02 21 00 23
10:40:10.668 DEBUG    TX: 02 21 00 23
10:40:10.681 DEBUG    ECHO: 02 21 00 23
10:40:10.697 DEBUG    RX: 03 7F 21 10 B3
10:40:10.698 WARNING    Parse fail: 03 7F 21 10 B3
10:40:10.761 DEBUG    TX: 02 21 00 23
10:40:10.777 DEBUG    ECHO: 02 21 00 23
10:40:10.788 DEBUG    RX: 03 7F 21 10 B3
10:40:10.788 WARNING    Parse fail: 03 7F 21 10 B3
10:40:10.854 DEBUG    TX: 02 21 00 23
10:40:10.873 DEBUG    ECHO: 02 21 00 23
10:40:10.884 DEBUG    RX: 03 7F 21 10 B3
10:40:10.884 WARNING    Parse fail: 03 7F 21 10 B3
10:40:10.946 DEBUG    TX: 02 21 00 23
10:40:10.953 DEBUG    ECHO: 02 21 00 23
10:40:10.969 DEBUG    RX: 03 7F 21 10 B3
10:40:10.970 WARNING    Parse fail: 03 7F 21 10 B3
10:40:11.040 DEBUG    TX: 02 21 00 23
10:40:11.049 DEBUG    ECHO: 02 21 00 23
10:40:11.065 DEBUG    RX: 03 7F 21 10 B3
10:40:11.065 WARNING    Parse fail: 03 7F 21 10 B3
10:40:11.132 DEBUG    TX: 02 21 00 23
10:40:11.145 DEBUG    ECHO: 02 21 00 23
10:40:11.161 DEBUG    RX: 03 7F 21 10 B3
10:40:11.162 WARNING    Parse fail: 03 7F 21 10 B3
10:40:11.225 DEBUG    TX: 02 21 00 23
10:40:11.241 DEBUG    ECHO: 02 21 00 23
10:40:12.314 DEBUG    TX: 02 21 00 23
10:40:12.328 DEBUG    ECHO: 02 21 00 23
10:40:12.339 DEBUG    RX: 03 7F 21 10 B3
10:40:12.339 WARNING    Parse fail: 03 7F 21 10 B3
10:40:12.408 DEBUG    TX: 02 21 00 23
10:40:12.424 DEBUG    ECHO: 02 21 00 23
10:40:12.440 DEBUG    RX: 03 7F 21 10 B3
10:40:12.440 WARNING    Parse fail: 03 7F 21 10 B3
10:40:12.470 DEBUG    TX: 02 3E 01 41
10:40:12.488 DEBUG    ECHO: 02 3E 01 41
10:40:13.065 DEBUG    TX: 02 21 00 23
10:40:13.079 DEBUG    ECHO: 02 21 00 23
10:40:13.090 DEBUG    RX: 03 7F 21 10 B3
10:40:13.090 WARNING    Parse fail: 03 7F 21 10 B3
10:40:13.159 DEBUG    TX: 02 21 00 23
10:40:13.175 DEBUG    ECHO: 02 21 00 23
10:40:14.258 DEBUG    TX: 02 21 00 23
10:40:14.278 DEBUG    ECHO: 02 21 00 23
10:40:14.289 DEBUG    RX: 03 7F 21 10 B3
10:40:14.289 WARNING    Parse fail: 03 7F 21 10 B3
10:40:14.351 DEBUG    TX: 02 21 00 23
10:40:14.358 DEBUG    ECHO: 02 21 00 23
10:40:14.374 DEBUG    RX: 03 7F 21 10 B3
10:40:14.375 WARNING    Parse fail: 03 7F 21 10 B3
10:40:14.444 DEBUG    TX: 02 21 00 23
10:40:14.461 DEBUG    ECHO: 02 21 00 23
10:40:14.472 DEBUG    RX: 03 7F 21 10 B3
10:40:14.472 WARNING    Parse fail: 03 7F 21 10 B3
10:40:14.536 DEBUG    TX: 02 21 00 23
10:40:14.541 DEBUG    ECHO: 02 21 00 23
10:40:14.557 DEBUG    RX: 03 7F 21 10 B3
10:40:14.557 WARNING    Parse fail: 03 7F 21 10 B3
10:40:14.616 DEBUG    TX: 02 21 00 23
10:40:14.621 DEBUG    ECHO: 02 21 00 23
10:40:14.637 DEBUG    RX: 03 7F 21 10 B3
10:40:14.637 WARNING    Parse fail: 03 7F 21 10 B3
10:40:14.695 DEBUG    TX: 02 21 00 23
10:40:14.701 DEBUG    ECHO: 02 21 00 23
10:40:14.717 DEBUG    RX: 03 7F 21 10 B3
10:40:14.718 WARNING    Parse fail: 03 7F 21 10 B3
10:40:14.774 DEBUG    TX: 02 21 00 23
10:40:14.781 DEBUG    ECHO: 02 21 00 23
10:40:14.797 DEBUG    RX: 03 7F 21 10 B3
10:40:14.797 WARNING    Parse fail: 03 7F 21 10 B3
10:40:14.853 DEBUG    TX: 02 21 00 23
10:40:14.861 DEBUG    ECHO: 02 21 00 23
10:40:14.877 DEBUG    RX: 03 7F 21 10 B3
10:40:14.877 WARNING    Parse fail: 03 7F 21 10 B3
10:40:14.900 DEBUG    TX: 02 3E 01 41
10:40:14.917 DEBUG    ECHO: 04 3E 01 41
10:40:15.493 DEBUG    TX: 02 21 00 23
10:40:15.508 DEBUG    ECHO: 02 21 00 23
10:40:15.519 DEBUG    RX: 03 7F 21 10 B3
10:40:15.519 WARNING    Parse fail: 03 7F 21 10 B3
10:40:15.586 DEBUG    TX: 02 21 00 23
10:40:15.604 DEBUG    ECHO: 02 21 00 23
10:40:15.615 DEBUG    RX: 03 7F 21 10 B3
10:40:15.615 WARNING    Parse fail: 03 7F 21 10 B3
10:40:15.681 DEBUG    TX: 02 21 00 23
10:40:15.700 DEBUG    ECHO: 02 21 00 23
10:40:15.711 DEBUG    RX: 03 7F 21 10 B3
10:40:15.711 WARNING    Parse fail: 03 7F 21 10 B3
10:40:15.773 DEBUG    TX: 02 21 00 23
10:40:15.780 DEBUG    ECHO: 02 21 00 23
10:40:15.796 DEBUG    RX: 03 7F 21 10 B3
10:40:15.797 WARNING    Parse fail: 03 7F 21 10 B3
10:40:15.865 DEBUG    TX: 02 21 00 23
10:40:15.876 DEBUG    ECHO: 02 21 00 23
10:40:16.956 DEBUG    TX: 02 21 00 23
10:40:16.963 DEBUG    ECHO: 02 21 00 23
10:40:16.979 DEBUG    RX: 03 7F 21 10 B3
10:40:16.979 WARNING    Parse fail: 03 7F 21 10 B3
10:40:17.034 DEBUG    TX: 02 21 00 23
10:40:17.043 DEBUG    ECHO: 02 21 00 23
10:40:17.059 DEBUG    RX: 03 7F 21 10 B3
10:40:17.059 WARNING    Parse fail: 03 7F 21 10 B3
10:40:17.128 DEBUG    TX: 02 21 00 23
10:40:17.139 DEBUG    ECHO: 02 21 00 23
10:40:17.155 DEBUG    RX: 03 7F 21 10 B3
10:40:17.156 WARNING    Parse fail: 03 7F 21 10 B3
10:40:17.221 DEBUG    TX: 02 21 00 23
10:40:17.235 DEBUG    ECHO: 02 21 00 23
10:40:17.251 DEBUG    RX: 03 7F 21 10 B3
10:40:17.251 WARNING    Parse fail: 03 7F 21 10 B3
10:40:17.314 DEBUG    TX: 02 21 00 23
10:40:17.331 DEBUG    ECHO: 02 21 00 23
10:40:17.341 DEBUG    RX: 03 7F 21 10 B3
10:40:17.341 WARNING    Parse fail: 03 7F 21 10 B3
10:40:17.361 DEBUG    TX: 02 3E 01 41
10:40:17.379 DEBUG    ECHO: 02 3E 01 41
10:40:17.390 DEBUG    RX: 01 7E 7F
10:40:17.456 DEBUG    TX: 02 21 00 23
10:40:17.475 DEBUG    ECHO: 02 21 00 23
10:40:17.486 DEBUG    RX: 03 7F 21 10 B3
10:40:17.486 WARNING    Parse fail: 03 7F 21 10 B3
10:40:17.549 DEBUG    TX: 02 21 00 23
10:40:17.555 DEBUG    ECHO: 02 21 00 23
10:40:17.571 DEBUG    RX: 03 7F 21 10 B3
10:40:17.572 WARNING    Parse fail: 03 7F 21 10 B3
10:40:17.642 DEBUG    TX: 02 21 00 23
10:40:17.651 DEBUG    ECHO: 02 21 00 23
10:40:18.738 DEBUG    TX: 02 21 00 23
10:40:18.754 DEBUG    ECHO: 02 21 00 23
10:40:18.764 DEBUG    RX: 03 7F 21 10 B3
10:40:18.764 WARNING    Parse fail: 03 7F 21 10 B3
10:40:18.832 DEBUG    TX: 02 21 00 23
10:40:18.850 DEBUG    ECHO: 02 21 00 23
10:40:18.860 DEBUG    RX: 03 7F 21 10 B3
10:40:18.860 WARNING    Parse fail: 03 7F 21 10 B3
10:40:18.926 DEBUG    TX: 02 21 00 23
10:40:18.946 DEBUG    ECHO: 02 21 00 23
10:40:18.957 DEBUG    RX: 03 7F 21 10 B3
10:40:18.957 WARNING    Parse fail: 03 7F 21 10 B3
10:40:19.020 DEBUG    TX: 02 21 00 23
10:40:19.026 DEBUG    ECHO: 02 21 00 23
10:40:19.041 DEBUG    RX: 03 7F 21 10 B3
10:40:19.042 WARNING    Parse fail: 03 7F 21 10 B3
10:40:19.098 DEBUG    TX: 02 21 00 23
10:40:19.105 DEBUG    ECHO: 02 21 00 23
10:40:19.121 DEBUG    RX: 03 7F 21 10 B3
10:40:19.122 WARNING    Parse fail: 03 7F 21 10 B3
10:40:19.189 DEBUG    TX: 02 21 00 23
10:40:19.201 DEBUG    ECHO: 02 21 00 23
10:40:19.217 DEBUG    RX: 03 7F 21 10 B3
10:40:19.218 WARNING    Parse fail: 03 7F 21 10 B3
10:40:19.282 DEBUG    TX: 02 21 00 23
10:40:19.297 DEBUG    ECHO: 02 21 00 23
10:40:20.331 DEBUG    TX: 02 3E 01 41
10:40:20.336 DEBUG    ECHO: 02 3E 01 41
10:40:20.352 DEBUG    RX: 01 7E 7F
10:40:20.408 DEBUG    TX: 02 21 00 23
10:40:20.416 DEBUG    ECHO: 02 21 00 23
10:40:20.432 DEBUG    RX: 03 7F 21 10 B3
10:40:20.433 WARNING    Parse fail: 03 7F 21 10 B3
10:40:20.502 DEBUG    TX: 02 21 00 23
10:40:20.512 DEBUG    ECHO: 02 21 00 23
10:40:20.528 DEBUG    RX: 03 7F 21 10 B3
10:40:20.529 WARNING    Parse fail: 03 7F 21 10 B3
10:40:20.597 DEBUG    TX: 02 21 00 23
10:40:20.608 DEBUG    ECHO: 02 21 00 23
10:40:20.624 DEBUG    RX: 03 7F 21 10 B3
10:40:20.624 WARNING    Parse fail: 03 7F 21 10 B3
10:40:20.689 DEBUG    TX: 02 21 00 23
10:40:20.707 DEBUG    ECHO: 02 21 00 23
10:40:20.723 DEBUG    RX: 03 7F 21 10 B3
10:40:20.723 WARNING    Parse fail: 03 7F 21 10 B3
10:40:20.783 DEBUG    TX: 02 21 00 23
10:40:20.803 DEBUG    ECHO: 02 21 00 23
10:40:20.813 DEBUG    RX: 03 7F 21 10 B3
10:40:20.813 WARNING    Parse fail: 03 7F 21 10 B3
10:40:20.876 DEBUG    TX: 02 21 00 23
10:40:20.883 DEBUG    ECHO: 02 21 00 23
10:40:20.899 DEBUG    RX: 03 7F 21 10 B3
10:40:20.899 WARNING    Parse fail: 03 7F 21 10 B3
10:40:20.954 DEBUG    TX: 02 21 00 23
10:40:20.963 DEBUG    ECHO: 02 21 00 23
10:40:20.979 DEBUG    RX: 03 7F 21 10 B3
10:40:20.979 WARNING    Parse fail: 03 7F 21 10 B3
10:40:21.049 DEBUG    TX: 02 21 00 23
10:40:21.059 DEBUG    ECHO: 02 21 00 23
10:40:21.075 DEBUG    RX: 03 7F 21 10 B3
10:40:21.075 WARNING    Parse fail: 03 7F 21 10 B3
10:40:21.142 DEBUG    TX: 02 21 00 23
10:40:21.155 DEBUG    ECHO: 02 21 00 23
10:40:21.166 DEBUG    RX: 03 7F 21 10 B3
10:40:21.166 WARNING    Parse fail: 03 7F 21 10 B3
10:40:21.236 DEBUG    TX: 02 21 00 23
10:40:21.251 DEBUG    ECHO: 02 21 00 23
10:40:22.286 DEBUG    TX: 02 3E 01 41
10:40:22.306 DEBUG    ECHO: 02 3E 01 41
10:40:22.316 DEBUG    RX: 01 7E 7F
10:40:22.380 DEBUG    TX: 02 21 00 23
10:40:22.386 DEBUG    ECHO: 02 21 00 23
10:40:22.402 DEBUG    RX: 03 7F 21 10 B3
10:40:22.402 WARNING    Parse fail: 03 7F 21 10 B3
10:40:22.458 DEBUG    TX: 02 21 00 23
10:40:22.466 DEBUG    ECHO: 02 21 00 23
10:40:22.482 DEBUG    RX: 03 7F 21 10 B3
10:40:22.482 WARNING    Parse fail: 03 7F 21 10 B3
10:40:22.537 DEBUG    TX: 02 21 00 23
10:40:22.546 DEBUG    ECHO: 02 21 00 23
10:40:22.562 DEBUG    RX: 03 7F 21 10 B3
10:40:22.562 WARNING    Parse fail: 03 7F 21 10 B3
10:40:22.631 DEBUG    TX: 02 21 00 23
10:40:22.641 DEBUG    ECHO: 02 21 00 23
10:40:23.716 DEBUG    TX: 02 21 00 23
10:40:23.729 DEBUG    ECHO: 02 21 00 23
10:40:23.744 DEBUG    RX: 03 7F 21 10 B3
10:40:23.745 WARNING    Parse fail: 03 7F 21 10 B3
10:40:23.808 DEBUG    TX: 02 21 00 23
10:40:23.824 DEBUG    ECHO: 02 21 00 23
10:40:23.841 DEBUG    RX: 03 7F 21 10 B3
10:40:23.842 WARNING    Parse fail: 03 7F 21 10 B3
10:40:23.903 DEBUG    TX: 02 21 00 23
10:40:23.922 DEBUG    ECHO: 04 21 00 23
10:40:23.933 DEBUG    RX: 03 7F 21 10 B3
10:40:23.933 WARNING    Parse fail: 03 7F 21 10 B3
10:40:23.997 DEBUG    TX: 02 21 00 23
10:40:24.014 DEBUG    ECHO: 04 21 00 23
10:40:24.030 DEBUG    RX: 03 7F 21 10 B3
10:40:24.030 WARNING    Parse fail: 03 7F 21 10 B3
10:40:24.090 DEBUG    TX: 02 21 00 23
10:40:24.110 DEBUG    ECHO: 02 21 00 23
10:40:24.121 DEBUG    RX: 03 7F 21 10 B3
10:40:24.121 WARNING    Parse fail: 03 7F 21 10 B3
10:40:24.183 DEBUG    TX: 02 21 00 23
10:40:24.190 DEBUG    ECHO: 02 21 00 23
10:40:24.206 DEBUG    RX: 03 7F 21 10 B3
10:40:24.206 WARNING    Parse fail: 03 7F 21 10 B3
10:40:24.229 DEBUG    TX: 02 3E 01 41
10:40:24.238 DEBUG    ECHO: 02 3E 01 41
10:40:24.254 DEBUG    RX: 01 7E 7F
10:40:24.324 DEBUG    TX: 02 21 00 23
10:40:24.334 DEBUG    ECHO: 02 21 00 23
10:40:24.350 DEBUG    RX: 03 7F 21 10 B3
10:40:24.350 WARNING    Parse fail: 03 7F 21 10 B3
10:40:24.419 DEBUG    TX: 02 21 00 23
10:40:24.430 DEBUG    ECHO: 02 21 00 23
10:40:25.518 DEBUG    TX: 02 21 00 23
10:40:25.533 DEBUG    ECHO: 02 21 00 23
10:40:25.544 DEBUG    RX: 03 7F 21 10 B3
10:40:25.544 WARNING    Parse fail: 03 7F 21 10 B3
10:40:25.612 DEBUG    TX: 02 21 00 23
10:40:25.629 DEBUG    ECHO: 02 21 00 23
10:40:25.645 DEBUG    RX: 03 7F 21 10 B3
10:40:25.645 WARNING    Parse fail: 03 7F 21 10 B3
10:40:25.707 DEBUG    TX: 02 21 00 23
10:40:25.725 DEBUG    ECHO: 02 21 00 23
10:40:25.736 DEBUG    RX: 03 7F 21 10 B3
10:40:25.737 WARNING    Parse fail: 03 7F 21 10 B3
10:40:25.800 DEBUG    TX: 02 21 00 23
10:40:25.821 DEBUG    ECHO: 02 21 00 23
10:40:25.837 DEBUG    RX: 03 7F 21 10 B3
10:40:25.837 WARNING    Parse fail: 03 7F 21 10 B3
10:40:25.895 DEBUG    TX: 02 21 00 23
10:40:25.901 DEBUG    ECHO: 02 21 00 23
10:40:25.917 DEBUG    RX: 03 7F 21 10 B3
10:40:25.917 WARNING    Parse fail: 03 7F 21 10 B3
10:40:25.973 DEBUG    TX: 02 21 00 23
10:40:25.981 DEBUG    ECHO: 02 21 00 23
10:40:25.997 DEBUG    RX: 03 7F 21 10 B3
10:40:25.997 WARNING    Parse fail: 03 7F 21 10 B3
10:40:26.067 DEBUG    TX: 02 21 00 23
10:40:26.084 DEBUG    ECHO: 04 21 00 23
10:40:26.094 DEBUG    RX: 03 7F 21 10 B3
10:40:26.094 WARNING    Parse fail: 03 7F 21 10 B3
10:40:26.161 DEBUG    TX: 02 21 00 23
10:40:26.180 DEBUG    ECHO: 02 21 00 23
10:40:26.190 DEBUG    RX: 03 7F 21 10 B3
10:40:26.190 WARNING    Parse fail: 03 7F 21 10 B3
10:40:26.207 DEBUG    TX: 02 3E 01 41
10:40:26.228 DEBUG    ECHO: 02 3E 01 41
10:40:26.238 DEBUG    RX: 01 7E 7F
10:40:26.302 DEBUG    TX: 02 21 00 23
10:40:26.308 DEBUG    ECHO: 02 21 00 23
10:40:26.324 DEBUG    RX: 03 7F 21 10 B3
10:40:26.324 WARNING    Parse fail: 03 7F 21 10 B3
10:40:26.380 DEBUG    TX: 02 21 00 23
10:40:26.387 DEBUG    ECHO: 02 21 00 23
10:40:26.404 DEBUG    RX: 03 7F 21 10 B3
10:40:26.404 WARNING    Parse fail: 03 7F 21 10 B3
10:40:26.474 DEBUG    TX: 02 21 00 23
10:40:26.483 DEBUG    ECHO: 02 21 00 23
10:40:26.499 DEBUG    RX: 03 7F 21 10 B3
10:40:26.499 WARNING    Parse fail: 03 7F 21 10 B3
10:40:26.569 DEBUG    TX: 02 21 00 23
10:40:26.579 DEBUG    ECHO: 02 21 00 23
10:40:26.595 DEBUG    RX: 03 7F 21 10 B3
10:40:26.596 WARNING    Parse fail: 03 7F 21 10 B3
10:40:26.661 DEBUG    TX: 02 21 00 23
10:40:26.675 DEBUG    ECHO: 02 21 00 23
10:40:26.691 DEBUG    RX: 03 7F 21 10 B3
10:40:26.691 WARNING    Parse fail: 03 7F 21 10 B3
10:40:26.754 DEBUG    TX: 02 21 00 23
10:40:26.771 DEBUG    ECHO: 02 21 00 23
10:40:26.782 DEBUG    RX: 03 7F 21 10 B3
10:40:26.782 WARNING    Parse fail: 03 7F 21 10 B3
10:40:26.848 DEBUG    TX: 02 21 00 23
10:40:26.867 DEBUG    ECHO: 02 21 00 23
10:40:26.883 DEBUG    RX: 03 7F 21 10 B3
10:40:26.883 WARNING    Parse fail: 03 7F 21 10 B3
10:40:26.942 DEBUG    TX: 02 21 00 23
10:40:26.948 DEBUG    ECHO: 02 21 00 23
10:40:26.963 DEBUG    RX: 03 7F 21 10 B3
10:40:26.963 WARNING    Parse fail: 03 7F 21 10 B3
10:40:27.020 DEBUG    TX: 02 21 00 23
10:40:27.027 DEBUG    ECHO: 02 21 00 23
10:40:27.043 DEBUG    RX: 03 7F 21 10 B3
10:40:27.043 WARNING    Parse fail: 03 7F 21 10 B3
10:40:27.099 DEBUG    TX: 02 21 00 23
10:40:27.107 DEBUG    ECHO: 02 21 00 23
10:40:27.123 DEBUG    RX: 03 7F 21 10 B3
10:40:27.123 WARNING    Parse fail: 03 7F 21 10 B3
10:40:27.146 DEBUG    TX: 02 3E 01 41
10:40:27.163 DEBUG    ECHO: 04 3E 01 41
10:40:27.738 DEBUG    TX: 02 21 00 23
10:40:27.754 DEBUG    ECHO: 02 21 00 23
10:40:27.765 DEBUG    RX: 03 7F 21 10 B3
10:40:27.765 WARNING    Parse fail: 03 7F 21 10 B3
10:40:27.832 DEBUG    TX: 02 21 00 23
10:40:27.850 DEBUG    ECHO: 02 21 00 23
10:40:27.861 DEBUG    RX: 03 7F 21 10 B3
10:40:27.862 WARNING    Parse fail: 03 7F 21 10 B3
10:40:27.926 DEBUG    TX: 02 21 00 23
10:40:27.946 DEBUG    ECHO: 02 21 00 23
10:40:27.957 DEBUG    RX: 03 7F 21 10 B3
10:40:27.957 WARNING    Parse fail: 03 7F 21 10 B3
10:40:28.019 DEBUG    TX: 02 21 00 23
10:40:28.026 DEBUG    ECHO: 02 21 00 23
10:40:28.042 DEBUG    RX: 03 7F 21 10 B3
10:40:28.042 WARNING    Parse fail: 03 7F 21 10 B3
10:40:28.112 DEBUG    TX: 02 21 00 23
10:40:28.122 DEBUG    ECHO: 02 21 00 23
10:40:28.138 DEBUG    RX: 03 7F 21 10 B3
10:40:28.138 WARNING    Parse fail: 03 7F 21 10 B3
10:40:28.205 DEBUG    TX: 02 21 00 23
10:40:28.218 DEBUG    ECHO: 02 21 00 23
10:40:28.234 DEBUG    RX: 03 7F 21 10 B3
10:40:28.234 WARNING    Parse fail: 03 7F 21 10 B3
10:40:28.300 DEBUG    TX: 02 21 00 23
10:40:28.314 DEBUG    ECHO: 02 21 00 23
10:40:28.330 DEBUG    RX: 03 7F 21 10 B3
10:40:28.330 WARNING    Parse fail: 03 7F 21 10 B3
10:40:28.392 DEBUG    TX: 02 21 00 23
10:40:28.410 DEBUG    ECHO: 02 21 00 23
10:40:28.420 DEBUG    RX: 03 7F 21 10 B3
10:40:28.420 WARNING    Parse fail: 03 7F 21 10 B3
10:40:28.487 DEBUG    TX: 02 21 00 23
10:40:28.506 DEBUG    ECHO: 02 21 00 23
10:40:28.522 DEBUG    RX: 03 7F 21 10 B3
10:40:28.522 WARNING    Parse fail: 03 7F 21 10 B3
10:40:28.581 DEBUG    TX: 02 21 00 23
10:40:28.598 DEBUG    ECHO: 02 21 00 23
10:40:28.608 DEBUG    RX: 03 7F 21 10 B3
10:40:28.608 WARNING    Parse fail: 03 7F 21 10 B3
10:40:28.628 DEBUG    TX: 02 3E 01 41
10:40:28.646 DEBUG    ECHO: 02 3E 01 41
10:40:29.224 DEBUG    TX: 02 21 00 23
10:40:29.237 DEBUG    ECHO: 02 21 00 23
10:40:29.253 DEBUG    RX: 03 7F 21 10 B3
10:40:29.253 WARNING    Parse fail: 03 7F 21 10 B3
10:40:29.317 DEBUG    TX: 02 21 00 23
10:40:29.333 DEBUG    ECHO: 02 21 00 23
10:40:29.344 DEBUG    RX: 03 7F 21 10 B3
10:40:29.344 WARNING    Parse fail: 03 7F 21 10 B3
10:40:29.412 DEBUG    TX: 02 21 00 23
10:40:29.429 DEBUG    ECHO: 02 21 00 23
10:40:30.503 DEBUG    TX: 02 21 00 23
10:40:30.516 DEBUG    ECHO: 02 21 00 23
10:40:30.532 DEBUG    RX: 03 7F 21 10 B3
10:40:30.532 WARNING    Parse fail: 03 7F 21 10 B3
10:40:30.597 DEBUG    TX: 02 21 00 23
10:40:30.612 DEBUG    ECHO: 02 21 00 23
10:40:30.628 DEBUG    RX: 03 7F 21 10 B3
10:40:30.628 WARNING    Parse fail: 03 7F 21 10 B3
10:40:30.692 DEBUG    TX: 02 21 00 23
10:40:30.708 DEBUG    ECHO: 02 21 00 23
10:40:30.719 DEBUG    RX: 03 7F 21 10 B3
10:40:30.719 WARNING    Parse fail: 03 7F 21 10 B3
10:40:30.788 DEBUG    TX: 02 21 00 23
10:40:30.804 DEBUG    ECHO: 02 21 00 23
10:40:31.886 DEBUG    TX: 02 21 00 23
10:40:31.907 DEBUG    ECHO: 02 21 00 23
10:40:31.917 DEBUG    RX: 03 7F 21 10 B3
10:40:31.917 WARNING    Parse fail: 03 7F 21 10 B3
10:40:31.980 DEBUG    TX: 02 21 00 23
10:40:31.987 DEBUG    ECHO: 02 21 00 23
10:40:32.003 DEBUG    RX: 03 7F 21 10 B3
10:40:32.003 WARNING    Parse fail: 03 7F 21 10 B3
10:40:32.073 DEBUG    TX: 02 21 00 23
10:40:32.083 DEBUG    ECHO: 02 21 00 23
