10:27:09.724 INFO     Log: logs\td5_v3_20260321_102709.log
10:27:09.724 INFO     ============================================================
10:27:09.724 INFO     TD5 K-Line Test v3 | COM8 | raw=True
10:27:09.724 INFO     ============================================================
10:27:09.745 INFO     
--- Attempt 1/3 ---
10:27:09.745 INFO     Fast init (25ms break)...
10:27:09.833 DEBUG    DRAIN: 00
10:27:09.833 INFO     Init frame...
10:27:09.849 DEBUG    TX: 81 13 F7 81 0C
10:27:09.859 DEBUG    ECHO: 81 13 F7 81 0C
10:27:09.875 DEBUG    RX: 03 7F 81 00 03
10:27:09.875 INFO       Init OK: 03 7F 81 00 03
10:27:09.901 INFO     Start diag...
10:27:09.928 DEBUG    TX: 02 10 A0 B2
10:27:09.938 DEBUG    ECHO: 02 10 A0 B2
10:27:09.949 DEBUG    RX: 01 50 51
10:27:09.950 INFO       Response: 01 50 51
10:27:09.950 INFO       Diag session OK
10:27:09.975 INFO     Seed request...
10:27:09.991 DEBUG    TX: 02 27 01 2A
10:27:10.002 DEBUG    ECHO: 02 27 01 2A
10:27:10.034 DEBUG    RX: 04 67 01 41 12 BF
10:27:10.035 INFO       Seed: 0x4112  Key: 0x8823
10:27:10.060 INFO     Send key...
10:27:10.085 DEBUG    TX: 04 27 02 23 88 D8
10:27:10.098 DEBUG    ECHO: 04 27 02 23 88 D8
10:27:10.114 DEBUG    RX: 03 7F 27 00 A9
10:27:10.115 ERROR      Auth failed: 03 7F 27 00 A9
10:27:11.116 INFO     
--- Attempt 2/3 ---
10:27:11.116 INFO     Fast init (25ms break)...
10:27:11.197 DEBUG    DRAIN: 00
10:27:11.197 INFO     Init frame...
10:27:11.212 DEBUG    TX: 81 13 F7 81 0C
10:27:11.228 DEBUG    ECHO: 81 13 F7 81 0C
10:27:11.239 DEBUG    RX: 03 7F 81 00 03
10:27:11.239 INFO       Init OK: 03 7F 81 00 03
10:27:11.265 INFO     Start diag...
10:27:11.290 DEBUG    TX: 02 10 A0 B2
10:27:11.308 DEBUG    ECHO: 02 10 A0 B2
10:27:11.318 DEBUG    RX: 01 50 51
10:27:11.318 INFO       Response: 01 50 51
10:27:11.319 INFO       Diag session OK
10:27:11.344 INFO     Seed request...
10:27:11.367 DEBUG    TX: 02 27 01 2A
10:27:11.384 DEBUG    ECHO: 02 27 01 2A
10:27:11.400 DEBUG    RX: 04 67 01 A0 89 95
10:27:11.400 INFO       Seed: 0xA089  Key: 0x965B
10:27:11.426 INFO     Send key...
10:27:11.446 DEBUG    TX: 04 27 02 5B 96 1E
10:27:11.464 DEBUG    ECHO: 04 27 02 5B 96 1E
10:27:11.475 DEBUG    RX: 03 7F 27 00 A9
10:27:11.475 ERROR      Auth failed: 03 7F 27 00 A9
10:27:12.476 INFO     
--- Attempt 3/3 ---
10:27:12.476 INFO     Fast init (25ms break)...
10:27:12.551 DEBUG    DRAIN: 00
10:27:12.551 INFO     Init frame...
10:27:12.567 DEBUG    TX: 81 13 F7 81 0C
10:27:12.572 DEBUG    ECHO: 81 13 F7 81 0C
10:27:12.588 DEBUG    RX: 03 7F 81 00 03
10:27:12.589 INFO       Init OK: 03 7F 81 00 03
10:27:12.614 INFO     Start diag...
10:27:12.629 DEBUG    TX: 02 10 A0 B2
10:27:12.646 DEBUG    ECHO: 02 10 A0 B2
10:27:12.656 DEBUG    RX: 01 50 51
10:27:12.656 INFO       Response: 01 50 51
10:27:12.657 INFO       Diag session OK
10:27:12.682 INFO     Seed request...
10:27:12.706 DEBUG    TX: 02 27 01 2A
10:27:12.726 DEBUG    ECHO: 02 27 01 2A
10:27:12.743 DEBUG    RX: 04 67 01 D0 44 80
10:27:12.743 INFO       Seed: 0xD044  Key: 0x05E9
10:27:12.768 INFO     Send key...
10:27:12.784 DEBUG    TX: 04 27 02 E9 05 1B
10:27:12.806 DEBUG    ECHO: 04 27 02 E9 05 1B
10:27:12.816 DEBUG    RX: 03 7F 27 00 A9
10:27:12.817 ERROR      Auth failed: 03 7F 27 00 A9
10:27:13.817 ERROR    Failed all retries
10:27:13.937 INFO     Done. 0 polls.
