10:27:00.862 INFO     Log: logs\td5_v3_20260321_102700.log
10:27:00.862 INFO     ============================================================
10:27:00.862 INFO     TD5 K-Line Test v3 | COM8 | raw=True
10:27:00.863 INFO     ============================================================
10:27:00.884 INFO     
--- Attempt 1/3 ---
10:27:00.885 INFO     Fast init (25ms break)...
10:27:00.969 DEBUG    DRAIN: 00
10:27:00.970 INFO     Init frame...
10:27:00.985 DEBUG    TX: 81 13 F7 81 0C
10:27:00.998 DEBUG    ECHO: 81 13 F7 81 0C
10:27:01.014 DEBUG    RX: 03 C1 57 8F AA
10:27:01.014 INFO       Init OK: 03 C1 57 8F AA
10:27:01.040 INFO     Start diag...
10:27:01.062 DEBUG    TX: 02 10 A0 B2
10:27:01.078 DEBUG    ECHO: 02 10 A0 B2
10:27:01.088 DEBUG    RX: 01 50 51
10:27:01.089 INFO       Response: 01 50 51
10:27:01.089 INFO       Diag session OK
10:27:01.114 INFO     Seed request...
10:27:01.139 DEBUG    TX: 02 27 01 2A
10:27:01.158 DEBUG    ECHO: 02 27 01 2A
10:27:01.174 DEBUG    RX: 04 67 01 08 97 0B
10:27:01.174 INFO       Seed: 0x0897  Key: 0x6209
10:27:01.199 INFO     Send key...
10:27:01.217 DEBUG    TX: 04 27 02 09 62 98
10:27:01.237 DEBUG    ECHO: 04 27 02 09 62 98
10:27:01.248 DEBUG    RX: 03 7F 27 00 A9
10:27:01.248 ERROR      Auth failed: 03 7F 27 00 A9
10:27:02.249 INFO     
--- Attempt 2/3 ---
10:27:02.249 INFO     Fast init (25ms break)...
10:27:02.336 DEBUG    DRAIN: 00
10:27:02.336 INFO     Init frame...
10:27:02.352 DEBUG    TX: 81 13 F7 81 0C
10:27:02.361 DEBUG    ECHO: 81 13 F7 81 0C
10:27:02.378 DEBUG    RX: 03 7F 81 00 03
10:27:02.378 INFO       Init OK: 03 7F 81 00 03
10:27:02.404 INFO     Start diag...
10:27:02.432 DEBUG    TX: 02 10 A0 B2
10:27:02.441 DEBUG    ECHO: 02 10 A0 B2
10:27:02.457 DEBUG    RX: 01 50 51
10:27:02.458 INFO       Response: 01 50 51
10:27:02.458 INFO       Diag session OK
10:27:02.483 INFO     Seed request...
10:27:02.510 DEBUG    TX: 02 27 01 2A
10:27:02.521 DEBUG    ECHO: 02 27 01 2A
10:27:02.553 DEBUG    RX: 04 67 01 04 4B BB
10:27:02.554 INFO       Seed: 0x044B  Key: 0x4113
10:27:02.579 INFO     Send key...
10:27:02.604 DEBUG    TX: 04 27 02 13 41 81
10:27:02.617 DEBUG    ECHO: 04 27 02 13 41 81
10:27:02.633 DEBUG    RX: 03 7F 27 00 A9
10:27:02.634 ERROR      Auth failed: 03 7F 27 00 A9
10:27:03.634 INFO     
--- Attempt 3/3 ---
10:27:03.634 INFO     Fast init (25ms break)...
10:27:03.712 DEBUG    DRAIN: 00
10:27:03.712 INFO     Init frame...
10:27:03.727 DEBUG    TX: 81 13 F7 81 0C
10:27:03.747 DEBUG    ECHO: 81 13 F7 81 0C
10:27:03.758 DEBUG    RX: 03 7F 81 00 03
10:27:03.759 INFO       Init OK: 03 7F 81 00 03
10:27:03.784 INFO     Start diag...
10:27:03.806 DEBUG    TX: 02 10 A0 B2
10:27:03.812 DEBUG    ECHO: 02 10 A0 B2
10:27:03.828 DEBUG    RX: 01 50 51
10:27:03.829 INFO       Response: 01 50 51
10:27:03.829 INFO       Diag session OK
10:27:03.854 INFO     Seed request...
10:27:03.884 DEBUG    TX: 02 27 01 2A
10:27:03.891 DEBUG    ECHO: 02 27 01 2A
10:27:03.907 DEBUG    RX: 04 67 01 82 25 13
10:27:03.908 INFO       Seed: 0x8225  Key: 0x5621
10:27:03.934 INFO     Send key...
10:27:03.961 DEBUG    TX: 04 27 02 21 56 A4
10:27:03.971 DEBUG    ECHO: 04 27 02 21 56 A4
10:27:03.987 DEBUG    RX: 03 7F 27 00 A9
10:27:03.988 ERROR      Auth failed: 03 7F 27 00 A9
10:27:04.988 ERROR    Failed all retries
10:27:05.108 INFO     Done. 0 polls.
